Recursively removing directory /home/martin/dev/rean-typescript/rethinkdb_data/tmp
Initializing directory /home/martin/dev/rean-typescript/rethinkdb_data
Running rethinkdb 2.1.3~0trusty (GCC 4.8.2)...
Running on Linux 3.16.0-48-generic x86_64
Loading data from directory /home/martin/dev/rean-typescript/rethinkdb_data
Listening for intracluster connections on port 29015
Listening for client driver connections on port 28015
Listening for administrative HTTP connections on port 8080
Listening on addresses: 127.0.0.1, 127.0.1.1, ::1
To fully expose RethinkDB on the network, bind to all addresses by running rethinkdb with the `--bind all` command line option.
Server ready, "martin_desktop_704" 811a307e-7fca-4a37-b57f-d78adc882f2b
Server got SIGTERM from pid 17089, uid 0; shutting down...
Shutting down client connections...
All client connections closed.
Shutting down storage engine... (This may take a while if you had a lot of unflushed data in the writeback cache.)
Storage engine shut down.
error: Failed to shutdown worker process: 'failed to send job function to worker'.  Killing it.
Running rethinkdb 2.1.3~0trusty (GCC 4.8.2)...
Running on Linux 3.16.0-49-generic x86_64
Loading data from directory /home/martin/dev/rean-typescript/rethinkdb_data
Listening for intracluster connections on port 29015
Listening for client driver connections on port 28015
Listening for administrative HTTP connections on port 8080
Listening on addresses: 127.0.0.1, 127.0.1.1, ::1
To fully expose RethinkDB on the network, bind to all addresses by running rethinkdb with the `--bind all` command line option.
Server ready, "martin_desktop_704" 811a307e-7fca-4a37-b57f-d78adc882f2b
Server got SIGTERM from pid 8692, uid 0; shutting down...
Shutting down client connections...
All client connections closed.
Shutting down storage engine... (This may take a while if you had a lot of unflushed data in the writeback cache.)
Storage engine shut down.
error: Failed to shutdown worker process: 'failed to send job function to worker'.  Killing it.
Running rethinkdb 2.1.3~0trusty (GCC 4.8.2)...
Running on Linux 3.16.0-49-generic x86_64
Loading data from directory /home/martin/dev/rean-typescript/rethinkdb_data
Listening for intracluster connections on port 29015
Listening for client driver connections on port 28015
Listening for administrative HTTP connections on port 8080
Listening on addresses: 127.0.0.1, 127.0.1.1, ::1
To fully expose RethinkDB on the network, bind to all addresses by running rethinkdb with the `--bind all` command line option.
Server ready, "martin_desktop_704" 811a307e-7fca-4a37-b57f-d78adc882f2b
Server got SIGTERM from pid 7867, uid 1000; shutting down...
Shutting down client connections...
All client connections closed.
Shutting down storage engine... (This may take a while if you had a lot of unflushed data in the writeback cache.)
Storage engine shut down.
error: Failed to shutdown worker process: 'failed to send job function to worker'.  Killing it.
Running rethinkdb 2.1.3~0trusty (GCC 4.8.2)...
Running on Linux 3.16.0-49-generic x86_64
Loading data from directory /home/martin/dev/rean-typescript/rethinkdb_data
Listening for intracluster connections on port 29015
Listening for client driver connections on port 28015
Listening for administrative HTTP connections on port 8080
Listening on addresses: 127.0.0.1, 127.0.1.1, ::1
To fully expose RethinkDB on the network, bind to all addresses by running rethinkdb with the `--bind all` command line option.
Server ready, "martin_desktop_704" 811a307e-7fca-4a37-b57f-d78adc882f2b
